#! /usr/bin/vvp
:ivl_version "11.0 (stable)";
:ivl_delay_selection "TYPICAL";
:vpi_time_precision + 0;
:vpi_module "/usr/lib/x86_64-linux-gnu/ivl/system.vpi";
:vpi_module "/usr/lib/x86_64-linux-gnu/ivl/vhdl_sys.vpi";
:vpi_module "/usr/lib/x86_64-linux-gnu/ivl/vhdl_textio.vpi";
:vpi_module "/usr/lib/x86_64-linux-gnu/ivl/v2005_math.vpi";
:vpi_module "/usr/lib/x86_64-linux-gnu/ivl/va_math.vpi";
:vpi_module "/usr/lib/x86_64-linux-gnu/ivl/v2009.vpi";
S_0x5c6c9f64cde0 .scope package, "$unit" "$unit" 2 1;
 .timescale 0 0;
S_0x5c6c9f64cf90 .scope module, "dmem" "dmem" 3 1;
 .timescale 0 0;
    .port_info 0 /INPUT 1 "Clk";
    .port_info 1 /INPUT 32 "addr";
    .port_info 2 /INPUT 32 "wri_data";
    .port_info 3 /OUTPUT 32 "read_data";
    .port_info 4 /INPUT 1 "Memread";
    .port_info 5 /INPUT 1 "Memwrite";
o0x73051239f018 .functor BUFZ 1, C4<z>; HiZ drive
v0x5c6c9f674990_0 .net "Clk", 0 0, o0x73051239f018;  0 drivers
o0x73051239f048 .functor BUFZ 1, C4<z>; HiZ drive
v0x5c6c9f6997b0_0 .net "Memread", 0 0, o0x73051239f048;  0 drivers
o0x73051239f078 .functor BUFZ 1, C4<z>; HiZ drive
v0x5c6c9f699870_0 .net "Memwrite", 0 0, o0x73051239f078;  0 drivers
o0x73051239f0a8 .functor BUFZ 32, C4<zzzzzzzzzzzzzzzzzzzzzzzzzzzzzzzz>; HiZ drive
v0x5c6c9f699910_0 .net "addr", 31 0, o0x73051239f0a8;  0 drivers
v0x5c6c9f6999f0 .array "memory", 0 65535, 7 0;
v0x5c6c9f699b00_0 .var "read_data", 31 0;
o0x73051239f108 .functor BUFZ 32, C4<zzzzzzzzzzzzzzzzzzzzzzzzzzzzzzzz>; HiZ drive
v0x5c6c9f699be0_0 .net "wri_data", 31 0, o0x73051239f108;  0 drivers
E_0x5c6c9f686a20 .event posedge, v0x5c6c9f674990_0;
    .scope S_0x5c6c9f64cf90;
T_0 ;
    %wait E_0x5c6c9f686a20;
    %load/vec4 v0x5c6c9f6997b0_0;
    %flag_set/vec4 8;
    %jmp/0xz  T_0.0, 8;
    %ix/getv 4, v0x5c6c9f699910_0;
    %load/vec4a v0x5c6c9f6999f0, 4;
    %ix/load 4, 0, 0;
    %ix/load 5, 0, 0;
    %flag_set/imm 4, 0;
    %assign/vec4/off/d v0x5c6c9f699b00_0, 4, 5;
    %load/vec4 v0x5c6c9f699910_0;
    %pad/u 33;
    %addi 1, 0, 33;
    %ix/vec4 4;
    %load/vec4a v0x5c6c9f6999f0, 4;
    %ix/load 4, 8, 0;
    %ix/load 5, 0, 0;
    %flag_set/imm 4, 0;
    %assign/vec4/off/d v0x5c6c9f699b00_0, 4, 5;
    %load/vec4 v0x5c6c9f699910_0;
    %pad/u 33;
    %addi 2, 0, 33;
    %ix/vec4 4;
    %load/vec4a v0x5c6c9f6999f0, 4;
    %ix/load 4, 16, 0;
    %ix/load 5, 0, 0;
    %flag_set/imm 4, 0;
    %assign/vec4/off/d v0x5c6c9f699b00_0, 4, 5;
    %load/vec4 v0x5c6c9f699910_0;
    %pad/u 33;
    %addi 3, 0, 33;
    %ix/vec4 4;
    %load/vec4a v0x5c6c9f6999f0, 4;
    %ix/load 4, 24, 0;
    %ix/load 5, 0, 0;
    %flag_set/imm 4, 0;
    %assign/vec4/off/d v0x5c6c9f699b00_0, 4, 5;
T_0.0 ;
    %load/vec4 v0x5c6c9f699870_0;
    %flag_set/vec4 8;
    %jmp/0xz  T_0.2, 8;
    %load/vec4 v0x5c6c9f699be0_0;
    %parti/s 8, 0, 2;
    %ix/getv 3, v0x5c6c9f699910_0;
    %ix/load 4, 0, 0; Constant delay
    %assign/vec4/a/d v0x5c6c9f6999f0, 0, 4;
    %load/vec4 v0x5c6c9f699be0_0;
    %parti/s 8, 8, 5;
    %load/vec4 v0x5c6c9f699910_0;
    %pad/u 33;
    %addi 1, 0, 33;
    %ix/vec4 3;
    %ix/load 4, 0, 0; Constant delay
    %assign/vec4/a/d v0x5c6c9f6999f0, 0, 4;
    %load/vec4 v0x5c6c9f699be0_0;
    %parti/s 8, 16, 6;
    %load/vec4 v0x5c6c9f699910_0;
    %pad/u 33;
    %addi 2, 0, 33;
    %ix/vec4 3;
    %ix/load 4, 0, 0; Constant delay
    %assign/vec4/a/d v0x5c6c9f6999f0, 0, 4;
    %load/vec4 v0x5c6c9f699be0_0;
    %parti/s 8, 24, 6;
    %load/vec4 v0x5c6c9f699910_0;
    %pad/u 33;
    %addi 3, 0, 33;
    %ix/vec4 3;
    %ix/load 4, 0, 0; Constant delay
    %assign/vec4/a/d v0x5c6c9f6999f0, 0, 4;
T_0.2 ;
    %jmp T_0;
    .thread T_0;
# The file index is used to find the file name in the following table.
:file_names 4;
    "N/A";
    "<interactive>";
    "-";
    "dmem.sv";
